Determining if the function WSAStartup exists in the ws2_32;m;dl failed with the following output:
Change Dir: /Volumes/User/hdf5/build/CMakeFiles/CMakeTmp

Run Build Command:"/usr/bin/make" "cmTryCompileExec3204502020/fast"
/Applications/Xcode.app/Contents/Developer/usr/bin/make -f CMakeFiles/cmTryCompileExec3204502020.dir/build.make CMakeFiles/cmTryCompileExec3204502020.dir/build
/Applications/CMake.app/Contents/bin/cmake -E cmake_progress_report /Volumes/User/hdf5/build/CMakeFiles/CMakeTmp/CMakeFiles 1
Building C object CMakeFiles/cmTryCompileExec3204502020.dir/CheckFunctionExists.c.o
/usr/bin/cc   -DCHECK_FUNCTION_EXISTS=WSAStartup   -o CMakeFiles/cmTryCompileExec3204502020.dir/CheckFunctionExists.c.o   -c /Applications/CMake.app/Contents/share/cmake-3.1/Modules/CheckFunctionExists.c
Linking C executable cmTryCompileExec3204502020
/Applications/CMake.app/Contents/bin/cmake -E cmake_link_script CMakeFiles/cmTryCompileExec3204502020.dir/link.txt --verbose=1
/usr/bin/cc   -DCHECK_FUNCTION_EXISTS=WSAStartup -Wl,-search_paths_first -Wl,-headerpad_max_install_names  CMakeFiles/cmTryCompileExec3204502020.dir/CheckFunctionExists.c.o  -o cmTryCompileExec3204502020  -lws2_32 -lm -ldl 
ld: library not found for -lws2_32
clang: error: linker command failed with exit code 1 (use -v to see invocation)
make[1]: *** [cmTryCompileExec3204502020] Error 1
make: *** [cmTryCompileExec3204502020/fast] Error 2


Determining if the function gethostbyname exists in the wsock32;m;dl failed with the following output:
Change Dir: /Volumes/User/hdf5/build/CMakeFiles/CMakeTmp

Run Build Command:"/usr/bin/make" "cmTryCompileExec1604529599/fast"
/Applications/Xcode.app/Contents/Developer/usr/bin/make -f CMakeFiles/cmTryCompileExec1604529599.dir/build.make CMakeFiles/cmTryCompileExec1604529599.dir/build
/Applications/CMake.app/Contents/bin/cmake -E cmake_progress_report /Volumes/User/hdf5/build/CMakeFiles/CMakeTmp/CMakeFiles 1
Building C object CMakeFiles/cmTryCompileExec1604529599.dir/CheckFunctionExists.c.o
/usr/bin/cc   -DCHECK_FUNCTION_EXISTS=gethostbyname   -o CMakeFiles/cmTryCompileExec1604529599.dir/CheckFunctionExists.c.o   -c /Applications/CMake.app/Contents/share/cmake-3.1/Modules/CheckFunctionExists.c
Linking C executable cmTryCompileExec1604529599
/Applications/CMake.app/Contents/bin/cmake -E cmake_link_script CMakeFiles/cmTryCompileExec1604529599.dir/link.txt --verbose=1
/usr/bin/cc   -DCHECK_FUNCTION_EXISTS=gethostbyname -Wl,-search_paths_first -Wl,-headerpad_max_install_names  CMakeFiles/cmTryCompileExec1604529599.dir/CheckFunctionExists.c.o  -o cmTryCompileExec1604529599  -lwsock32 -lm -ldl 
ld: library not found for -lwsock32
clang: error: linker command failed with exit code 1 (use -v to see invocation)
make[1]: *** [cmTryCompileExec1604529599] Error 1
make: *** [cmTryCompileExec1604529599/fast] Error 2


Determining if the function gethostname exists in the ucb;m;dl failed with the following output:
Change Dir: /Volumes/User/hdf5/build/CMakeFiles/CMakeTmp

Run Build Command:"/usr/bin/make" "cmTryCompileExec288122755/fast"
/Applications/Xcode.app/Contents/Developer/usr/bin/make -f CMakeFiles/cmTryCompileExec288122755.dir/build.make CMakeFiles/cmTryCompileExec288122755.dir/build
/Applications/CMake.app/Contents/bin/cmake -E cmake_progress_report /Volumes/User/hdf5/build/CMakeFiles/CMakeTmp/CMakeFiles 1
Building C object CMakeFiles/cmTryCompileExec288122755.dir/CheckFunctionExists.c.o
/usr/bin/cc   -DCHECK_FUNCTION_EXISTS=gethostname   -o CMakeFiles/cmTryCompileExec288122755.dir/CheckFunctionExists.c.o   -c /Applications/CMake.app/Contents/share/cmake-3.1/Modules/CheckFunctionExists.c
Linking C executable cmTryCompileExec288122755
/Applications/CMake.app/Contents/bin/cmake -E cmake_link_script CMakeFiles/cmTryCompileExec288122755.dir/link.txt --verbose=1
/usr/bin/cc   -DCHECK_FUNCTION_EXISTS=gethostname -Wl,-search_paths_first -Wl,-headerpad_max_install_names  CMakeFiles/cmTryCompileExec288122755.dir/CheckFunctionExists.c.o  -o cmTryCompileExec288122755  -lucb -lm -ldl 
ld: library not found for -lucb
clang: error: linker command failed with exit code 1 (use -v to see invocation)
make[1]: *** [cmTryCompileExec288122755] Error 1
make: *** [cmTryCompileExec288122755/fast] Error 2


Determining if the function connect exists in the socket;m;dl failed with the following output:
Change Dir: /Volumes/User/hdf5/build/CMakeFiles/CMakeTmp

Run Build Command:"/usr/bin/make" "cmTryCompileExec2251878926/fast"
/Applications/Xcode.app/Contents/Developer/usr/bin/make -f CMakeFiles/cmTryCompileExec2251878926.dir/build.make CMakeFiles/cmTryCompileExec2251878926.dir/build
/Applications/CMake.app/Contents/bin/cmake -E cmake_progress_report /Volumes/User/hdf5/build/CMakeFiles/CMakeTmp/CMakeFiles 1
Building C object CMakeFiles/cmTryCompileExec2251878926.dir/CheckFunctionExists.c.o
/usr/bin/cc   -DCHECK_FUNCTION_EXISTS=connect   -o CMakeFiles/cmTryCompileExec2251878926.dir/CheckFunctionExists.c.o   -c /Applications/CMake.app/Contents/share/cmake-3.1/Modules/CheckFunctionExists.c
Linking C executable cmTryCompileExec2251878926
/Applications/CMake.app/Contents/bin/cmake -E cmake_link_script CMakeFiles/cmTryCompileExec2251878926.dir/link.txt --verbose=1
/usr/bin/cc   -DCHECK_FUNCTION_EXISTS=connect -Wl,-search_paths_first -Wl,-headerpad_max_install_names  CMakeFiles/cmTryCompileExec2251878926.dir/CheckFunctionExists.c.o  -o cmTryCompileExec2251878926  -lsocket -lm -ldl 
ld: library not found for -lsocket
clang: error: linker command failed with exit code 1 (use -v to see invocation)
make[1]: *** [cmTryCompileExec2251878926] Error 1
make: *** [cmTryCompileExec2251878926/fast] Error 2


Determining if the system is big endian passed with the following output:
Change Dir: /Volumes/User/hdf5/build/CMakeFiles/CMakeTmp

Run Build Command:"/usr/bin/make" "cmTryCompileExec2861451697/fast"
/Applications/Xcode.app/Contents/Developer/usr/bin/make -f CMakeFiles/cmTryCompileExec2861451697.dir/build.make CMakeFiles/cmTryCompileExec2861451697.dir/build
/Applications/CMake.app/Contents/bin/cmake -E cmake_progress_report /Volumes/User/hdf5/build/CMakeFiles/CMakeTmp/CMakeFiles 1
Building C object CMakeFiles/cmTryCompileExec2861451697.dir/TestEndianess.c.o
/usr/bin/cc    -o CMakeFiles/cmTryCompileExec2861451697.dir/TestEndianess.c.o   -c /Volumes/User/hdf5/build/CMakeFiles/CMakeTmp/TestEndianess.c
Linking C executable cmTryCompileExec2861451697
/Applications/CMake.app/Contents/bin/cmake -E cmake_link_script CMakeFiles/cmTryCompileExec2861451697.dir/link.txt --verbose=1
/usr/bin/cc    -Wl,-search_paths_first -Wl,-headerpad_max_install_names  CMakeFiles/cmTryCompileExec2861451697.dir/TestEndianess.c.o  -o cmTryCompileExec2861451697  

TestEndianess.c:
/* A 16 bit integer is required. */
typedef unsigned short cmakeint16;

/* On a little endian machine, these 16bit ints will give "THIS IS LITTLE ENDIAN."
   On a big endian machine the characters will be exchanged pairwise. */
const cmakeint16 info_little[] =  {0x4854, 0x5349, 0x4920, 0x2053, 0x494c, 0x5454, 0x454c, 0x4520, 0x444e, 0x4149, 0x2e4e, 0x0000};

/* on a big endian machine, these 16bit ints will give "THIS IS BIG ENDIAN."
   On a little endian machine the characters will be exchanged pairwise. */
const cmakeint16 info_big[] =     {0x5448, 0x4953, 0x2049, 0x5320, 0x4249, 0x4720, 0x454e, 0x4449, 0x414e, 0x2e2e, 0x0000};

#ifdef __CLASSIC_C__
int main(argc, argv) int argc; char *argv[];
#else
int main(int argc, char *argv[])
#endif
{
  int require = 0;
  require += info_little[argc];
  require += info_big[argc];
  (void)argv;
  return require;
}


Determining if files sys/resource.h;sys/time.h;unistd.h;sys/ioctl.h;sys/stat.h;sys/socket.h;sys/types.h;stddef.h;setjmp.h;features.h exist failed with the following output:
Change Dir: /Volumes/User/hdf5/build/CMakeFiles/CMakeTmp

Run Build Command:"/usr/bin/make" "cmTryCompileExec1870312969/fast"
/Applications/Xcode.app/Contents/Developer/usr/bin/make -f CMakeFiles/cmTryCompileExec1870312969.dir/build.make CMakeFiles/cmTryCompileExec1870312969.dir/build
/Applications/CMake.app/Contents/bin/cmake -E cmake_progress_report /Volumes/User/hdf5/build/CMakeFiles/CMakeTmp/CMakeFiles 1
Building C object CMakeFiles/cmTryCompileExec1870312969.dir/CheckIncludeFiles.c.o
/usr/bin/cc    -o CMakeFiles/cmTryCompileExec1870312969.dir/CheckIncludeFiles.c.o   -c /Volumes/User/hdf5/build/CMakeFiles/CMakeTmp/CheckIncludeFiles.c
/Volumes/User/hdf5/build/CMakeFiles/CMakeTmp/CheckIncludeFiles.c:11:10: fatal error: 'features.h' file not found
#include <features.h>
         ^
1 error generated.
make[1]: *** [CMakeFiles/cmTryCompileExec1870312969.dir/CheckIncludeFiles.c.o] Error 1
make: *** [cmTryCompileExec1870312969/fast] Error 2

Source:
/* */
#include <sys/resource.h>
#include <sys/time.h>
#include <unistd.h>
#include <sys/ioctl.h>
#include <sys/stat.h>
#include <sys/socket.h>
#include <sys/types.h>
#include <stddef.h>
#include <setjmp.h>
#include <features.h>


int main(void){return 0;}

Determining if files sys/resource.h;sys/time.h;unistd.h;sys/ioctl.h;sys/stat.h;sys/socket.h;sys/types.h;stddef.h;setjmp.h;dirent.h;stdint.h;mach/mach_time.h;io.h exist failed with the following output:
Change Dir: /Volumes/User/hdf5/build/CMakeFiles/CMakeTmp

Run Build Command:"/usr/bin/make" "cmTryCompileExec2678360329/fast"
/Applications/Xcode.app/Contents/Developer/usr/bin/make -f CMakeFiles/cmTryCompileExec2678360329.dir/build.make CMakeFiles/cmTryCompileExec2678360329.dir/build
/Applications/CMake.app/Contents/bin/cmake -E cmake_progress_report /Volumes/User/hdf5/build/CMakeFiles/CMakeTmp/CMakeFiles 1
Building C object CMakeFiles/cmTryCompileExec2678360329.dir/CheckIncludeFiles.c.o
/usr/bin/cc    -o CMakeFiles/cmTryCompileExec2678360329.dir/CheckIncludeFiles.c.o   -c /Volumes/User/hdf5/build/CMakeFiles/CMakeTmp/CheckIncludeFiles.c
/Volumes/User/hdf5/build/CMakeFiles/CMakeTmp/CheckIncludeFiles.c:14:10: fatal error: 'io.h' file not found
#include <io.h>
         ^
1 error generated.
make[1]: *** [CMakeFiles/cmTryCompileExec2678360329.dir/CheckIncludeFiles.c.o] Error 1
make: *** [cmTryCompileExec2678360329/fast] Error 2

Source:
/* */
#include <sys/resource.h>
#include <sys/time.h>
#include <unistd.h>
#include <sys/ioctl.h>
#include <sys/stat.h>
#include <sys/socket.h>
#include <sys/types.h>
#include <stddef.h>
#include <setjmp.h>
#include <dirent.h>
#include <stdint.h>
#include <mach/mach_time.h>
#include <io.h>


int main(void){return 0;}

Determining if files sys/resource.h;sys/time.h;unistd.h;sys/ioctl.h;sys/stat.h;sys/socket.h;sys/types.h;stddef.h;setjmp.h;dirent.h;stdint.h;mach/mach_time.h;winsock2.h exist failed with the following output:
Change Dir: /Volumes/User/hdf5/build/CMakeFiles/CMakeTmp

Run Build Command:"/usr/bin/make" "cmTryCompileExec1879529248/fast"
/Applications/Xcode.app/Contents/Developer/usr/bin/make -f CMakeFiles/cmTryCompileExec1879529248.dir/build.make CMakeFiles/cmTryCompileExec1879529248.dir/build
/Applications/CMake.app/Contents/bin/cmake -E cmake_progress_report /Volumes/User/hdf5/build/CMakeFiles/CMakeTmp/CMakeFiles 1
Building C object CMakeFiles/cmTryCompileExec1879529248.dir/CheckIncludeFiles.c.o
/usr/bin/cc    -o CMakeFiles/cmTryCompileExec1879529248.dir/CheckIncludeFiles.c.o   -c /Volumes/User/hdf5/build/CMakeFiles/CMakeTmp/CheckIncludeFiles.c
/Volumes/User/hdf5/build/CMakeFiles/CMakeTmp/CheckIncludeFiles.c:14:10: fatal error: 'winsock2.h' file not found
#include <winsock2.h>
         ^
1 error generated.
make[1]: *** [CMakeFiles/cmTryCompileExec1879529248.dir/CheckIncludeFiles.c.o] Error 1
make: *** [cmTryCompileExec1879529248/fast] Error 2

Source:
/* */
#include <sys/resource.h>
#include <sys/time.h>
#include <unistd.h>
#include <sys/ioctl.h>
#include <sys/stat.h>
#include <sys/socket.h>
#include <sys/types.h>
#include <stddef.h>
#include <setjmp.h>
#include <dirent.h>
#include <stdint.h>
#include <mach/mach_time.h>
#include <winsock2.h>


int main(void){return 0;}

Determining if files sys/resource.h;sys/time.h;unistd.h;sys/ioctl.h;sys/stat.h;sys/socket.h;sys/types.h;stddef.h;setjmp.h;dirent.h;stdint.h;mach/mach_time.h;sys/timeb.h;globus/common.h exist failed with the following output:
Change Dir: /Volumes/User/hdf5/build/CMakeFiles/CMakeTmp

Run Build Command:"/usr/bin/make" "cmTryCompileExec2381500151/fast"
/Applications/Xcode.app/Contents/Developer/usr/bin/make -f CMakeFiles/cmTryCompileExec2381500151.dir/build.make CMakeFiles/cmTryCompileExec2381500151.dir/build
/Applications/CMake.app/Contents/bin/cmake -E cmake_progress_report /Volumes/User/hdf5/build/CMakeFiles/CMakeTmp/CMakeFiles 1
Building C object CMakeFiles/cmTryCompileExec2381500151.dir/CheckIncludeFiles.c.o
/usr/bin/cc    -o CMakeFiles/cmTryCompileExec2381500151.dir/CheckIncludeFiles.c.o   -c /Volumes/User/hdf5/build/CMakeFiles/CMakeTmp/CheckIncludeFiles.c
/Volumes/User/hdf5/build/CMakeFiles/CMakeTmp/CheckIncludeFiles.c:15:10: fatal error: 'globus/common.h' file not found
#include <globus/common.h>
         ^
1 error generated.
make[1]: *** [CMakeFiles/cmTryCompileExec2381500151.dir/CheckIncludeFiles.c.o] Error 1
make: *** [cmTryCompileExec2381500151/fast] Error 2

Source:
/* */
#include <sys/resource.h>
#include <sys/time.h>
#include <unistd.h>
#include <sys/ioctl.h>
#include <sys/stat.h>
#include <sys/socket.h>
#include <sys/types.h>
#include <stddef.h>
#include <setjmp.h>
#include <dirent.h>
#include <stdint.h>
#include <mach/mach_time.h>
#include <sys/timeb.h>
#include <globus/common.h>


int main(void){return 0;}

Determining if files sys/resource.h;sys/time.h;unistd.h;sys/ioctl.h;sys/stat.h;sys/socket.h;sys/types.h;stddef.h;setjmp.h;dirent.h;stdint.h;mach/mach_time.h;sys/timeb.h;pdb.h exist failed with the following output:
Change Dir: /Volumes/User/hdf5/build/CMakeFiles/CMakeTmp

Run Build Command:"/usr/bin/make" "cmTryCompileExec1143819681/fast"
/Applications/Xcode.app/Contents/Developer/usr/bin/make -f CMakeFiles/cmTryCompileExec1143819681.dir/build.make CMakeFiles/cmTryCompileExec1143819681.dir/build
/Applications/CMake.app/Contents/bin/cmake -E cmake_progress_report /Volumes/User/hdf5/build/CMakeFiles/CMakeTmp/CMakeFiles 1
Building C object CMakeFiles/cmTryCompileExec1143819681.dir/CheckIncludeFiles.c.o
/usr/bin/cc    -o CMakeFiles/cmTryCompileExec1143819681.dir/CheckIncludeFiles.c.o   -c /Volumes/User/hdf5/build/CMakeFiles/CMakeTmp/CheckIncludeFiles.c
/Volumes/User/hdf5/build/CMakeFiles/CMakeTmp/CheckIncludeFiles.c:15:10: fatal error: 'pdb.h' file not found
#include <pdb.h>
         ^
1 error generated.
make[1]: *** [CMakeFiles/cmTryCompileExec1143819681.dir/CheckIncludeFiles.c.o] Error 1
make: *** [cmTryCompileExec1143819681/fast] Error 2

Source:
/* */
#include <sys/resource.h>
#include <sys/time.h>
#include <unistd.h>
#include <sys/ioctl.h>
#include <sys/stat.h>
#include <sys/socket.h>
#include <sys/types.h>
#include <stddef.h>
#include <setjmp.h>
#include <dirent.h>
#include <stdint.h>
#include <mach/mach_time.h>
#include <sys/timeb.h>
#include <pdb.h>


int main(void){return 0;}

Determining if files sys/resource.h;sys/time.h;unistd.h;sys/ioctl.h;sys/stat.h;sys/socket.h;sys/types.h;stddef.h;setjmp.h;dirent.h;stdint.h;mach/mach_time.h;sys/timeb.h;pthread.h;srbclient.h exist failed with the following output:
Change Dir: /Volumes/User/hdf5/build/CMakeFiles/CMakeTmp

Run Build Command:"/usr/bin/make" "cmTryCompileExec2646469946/fast"
/Applications/Xcode.app/Contents/Developer/usr/bin/make -f CMakeFiles/cmTryCompileExec2646469946.dir/build.make CMakeFiles/cmTryCompileExec2646469946.dir/build
/Applications/CMake.app/Contents/bin/cmake -E cmake_progress_report /Volumes/User/hdf5/build/CMakeFiles/CMakeTmp/CMakeFiles 1
Building C object CMakeFiles/cmTryCompileExec2646469946.dir/CheckIncludeFiles.c.o
/usr/bin/cc    -o CMakeFiles/cmTryCompileExec2646469946.dir/CheckIncludeFiles.c.o   -c /Volumes/User/hdf5/build/CMakeFiles/CMakeTmp/CheckIncludeFiles.c
/Volumes/User/hdf5/build/CMakeFiles/CMakeTmp/CheckIncludeFiles.c:16:10: fatal error: 'srbclient.h' file not found
#include <srbclient.h>
         ^
1 error generated.
make[1]: *** [CMakeFiles/cmTryCompileExec2646469946.dir/CheckIncludeFiles.c.o] Error 1
make: *** [cmTryCompileExec2646469946/fast] Error 2

Source:
/* */
#include <sys/resource.h>
#include <sys/time.h>
#include <unistd.h>
#include <sys/ioctl.h>
#include <sys/stat.h>
#include <sys/socket.h>
#include <sys/types.h>
#include <stddef.h>
#include <setjmp.h>
#include <dirent.h>
#include <stdint.h>
#include <mach/mach_time.h>
#include <sys/timeb.h>
#include <pthread.h>
#include <srbclient.h>


int main(void){return 0;}

Performing Other Test HAVE_OFF64_T failed with the following output:
Change Dir: /Volumes/User/hdf5/build/CMakeFiles/CMakeTmp

Run Build Command:"/usr/bin/make" "cmTryCompileExec112034413/fast"
/Applications/Xcode.app/Contents/Developer/usr/bin/make -f CMakeFiles/cmTryCompileExec112034413.dir/build.make CMakeFiles/cmTryCompileExec112034413.dir/build
/Applications/CMake.app/Contents/bin/cmake -E cmake_progress_report /Volumes/User/hdf5/build/CMakeFiles/CMakeTmp/CMakeFiles 1
Building C object CMakeFiles/cmTryCompileExec112034413.dir/HDFTests.c.o
/usr/bin/cc   -DHAVE_OFF64_T  -DHAVE_SYS_TIME_H -DHAVE_UNISTD_H -DHAVE_SYS_TYPES_H -DHAVE_SYS_SOCKET_H -D_FILE_OFFSET_BITS=64 -D_LARGEFILE64_SOURCE -D_LARGEFILE_SOURCE   -o CMakeFiles/cmTryCompileExec112034413.dir/HDFTests.c.o   -c /Volumes/User/hdf5/config/cmake_ext_mod/HDFTests.c
/Volumes/User/hdf5/config/cmake_ext_mod/HDFTests.c:292:3: error: unknown type name 'off64_t'; did you mean 'off_t'?
  off64_t n = 0;
  ^~~~~~~
  off_t
/usr/include/sys/_types/_off_t.h:30:25: note: 'off_t' declared here
typedef __darwin_off_t          off_t;
                                ^
1 error generated.
make[1]: *** [CMakeFiles/cmTryCompileExec112034413.dir/HDFTests.c.o] Error 1
make: *** [cmTryCompileExec112034413/fast] Error 2

Determining size of __int64 failed with the following output:
Change Dir: /Volumes/User/hdf5/build/CMakeFiles/CMakeTmp

Run Build Command:"/usr/bin/make" "cmTryCompileExec632246751/fast"
/Applications/Xcode.app/Contents/Developer/usr/bin/make -f CMakeFiles/cmTryCompileExec632246751.dir/build.make CMakeFiles/cmTryCompileExec632246751.dir/build
/Applications/CMake.app/Contents/bin/cmake -E cmake_progress_report /Volumes/User/hdf5/build/CMakeFiles/CMakeTmp/CMakeFiles 1
Building C object CMakeFiles/cmTryCompileExec632246751.dir/H5_SIZEOF___INT64.c.o
/usr/bin/cc  -D_BSD_SOURCE -D_FILE_OFFSET_BITS=64 -D_LARGEFILE64_SOURCE -D_LARGEFILE_SOURCE  -o CMakeFiles/cmTryCompileExec632246751.dir/H5_SIZEOF___INT64.c.o   -c /Volumes/User/hdf5/build/CMakeFiles/CheckTypeSize/H5_SIZEOF___INT64.c
/Volumes/User/hdf5/build/CMakeFiles/CheckTypeSize/H5_SIZEOF___INT64.c:19:12: error: use of undeclared identifier '__int64'
  ('0' + ((SIZE / 10000)%10)),
           ^
/Volumes/User/hdf5/build/CMakeFiles/CheckTypeSize/H5_SIZEOF___INT64.c:17:22: note: expanded from macro 'SIZE'
#define SIZE (sizeof(__int64))
                     ^
/Volumes/User/hdf5/build/CMakeFiles/CheckTypeSize/H5_SIZEOF___INT64.c:20:12: error: use of undeclared identifier '__int64'
  ('0' + ((SIZE / 1000)%10)),
           ^
/Volumes/User/hdf5/build/CMakeFiles/CheckTypeSize/H5_SIZEOF___INT64.c:17:22: note: expanded from macro 'SIZE'
#define SIZE (sizeof(__int64))
                     ^
/Volumes/User/hdf5/build/CMakeFiles/CheckTypeSize/H5_SIZEOF___INT64.c:21:12: error: use of undeclared identifier '__int64'
  ('0' + ((SIZE / 100)%10)),
           ^
/Volumes/User/hdf5/build/CMakeFiles/CheckTypeSize/H5_SIZEOF___INT64.c:17:22: note: expanded from macro 'SIZE'
#define SIZE (sizeof(__int64))
                     ^
/Volumes/User/hdf5/build/CMakeFiles/CheckTypeSize/H5_SIZEOF___INT64.c:22:12: error: use of undeclared identifier '__int64'
  ('0' + ((SIZE / 10)%10)),
           ^
/Volumes/User/hdf5/build/CMakeFiles/CheckTypeSize/H5_SIZEOF___INT64.c:17:22: note: expanded from macro 'SIZE'
#define SIZE (sizeof(__int64))
                     ^
/Volumes/User/hdf5/build/CMakeFiles/CheckTypeSize/H5_SIZEOF___INT64.c:23:12: error: use of undeclared identifier '__int64'
  ('0' +  (SIZE    % 10)),
           ^
/Volumes/User/hdf5/build/CMakeFiles/CheckTypeSize/H5_SIZEOF___INT64.c:17:22: note: expanded from macro 'SIZE'
#define SIZE (sizeof(__int64))
                     ^
5 errors generated.
make[1]: *** [CMakeFiles/cmTryCompileExec632246751.dir/H5_SIZEOF___INT64.c.o] Error 1
make: *** [cmTryCompileExec632246751/fast] Error 2

/Volumes/User/hdf5/build/CMakeFiles/CheckTypeSize/H5_SIZEOF___INT64.c:
#include <sys/types.h>
#include <stdint.h>
#include <stddef.h>


#undef KEY
#if defined(__i386)
# define KEY '_','_','i','3','8','6'
#elif defined(__x86_64)
# define KEY '_','_','x','8','6','_','6','4'
#elif defined(__ppc__)
# define KEY '_','_','p','p','c','_','_'
#elif defined(__ppc64__)
# define KEY '_','_','p','p','c','6','4','_','_'
#endif

#define SIZE (sizeof(__int64))
char info_size[] =  {'I', 'N', 'F', 'O', ':', 's','i','z','e','[',
  ('0' + ((SIZE / 10000)%10)),
  ('0' + ((SIZE / 1000)%10)),
  ('0' + ((SIZE / 100)%10)),
  ('0' + ((SIZE / 10)%10)),
  ('0' +  (SIZE    % 10)),
  ']',
#ifdef KEY
  ' ','k','e','y','[', KEY, ']',
#endif
  '\0'};

#ifdef __CLASSIC_C__
int main(argc, argv) int argc; char *argv[];
#else
int main(int argc, char *argv[])
#endif
{
  int require = 0;
  require += info_size[argc];
  (void)argv;
  return require;
}


Determining size of off64_t failed with the following output:
Change Dir: /Volumes/User/hdf5/build/CMakeFiles/CMakeTmp

Run Build Command:"/usr/bin/make" "cmTryCompileExec399814073/fast"
/Applications/Xcode.app/Contents/Developer/usr/bin/make -f CMakeFiles/cmTryCompileExec399814073.dir/build.make CMakeFiles/cmTryCompileExec399814073.dir/build
/Applications/CMake.app/Contents/bin/cmake -E cmake_progress_report /Volumes/User/hdf5/build/CMakeFiles/CMakeTmp/CMakeFiles 1
Building C object CMakeFiles/cmTryCompileExec399814073.dir/H5_SIZEOF_OFF64_T.c.o
/usr/bin/cc  -D_BSD_SOURCE -D_FILE_OFFSET_BITS=64 -D_LARGEFILE64_SOURCE -D_LARGEFILE_SOURCE  -o CMakeFiles/cmTryCompileExec399814073.dir/H5_SIZEOF_OFF64_T.c.o   -c /Volumes/User/hdf5/build/CMakeFiles/CheckTypeSize/H5_SIZEOF_OFF64_T.c
/Volumes/User/hdf5/build/CMakeFiles/CheckTypeSize/H5_SIZEOF_OFF64_T.c:19:12: error: use of undeclared identifier 'off64_t'
  ('0' + ((SIZE / 10000)%10)),
           ^
/Volumes/User/hdf5/build/CMakeFiles/CheckTypeSize/H5_SIZEOF_OFF64_T.c:17:22: note: expanded from macro 'SIZE'
#define SIZE (sizeof(off64_t))
                     ^
/Volumes/User/hdf5/build/CMakeFiles/CheckTypeSize/H5_SIZEOF_OFF64_T.c:20:12: error: use of undeclared identifier 'off64_t'
  ('0' + ((SIZE / 1000)%10)),
           ^
/Volumes/User/hdf5/build/CMakeFiles/CheckTypeSize/H5_SIZEOF_OFF64_T.c:17:22: note: expanded from macro 'SIZE'
#define SIZE (sizeof(off64_t))
                     ^
/Volumes/User/hdf5/build/CMakeFiles/CheckTypeSize/H5_SIZEOF_OFF64_T.c:21:12: error: use of undeclared identifier 'off64_t'
  ('0' + ((SIZE / 100)%10)),
           ^
/Volumes/User/hdf5/build/CMakeFiles/CheckTypeSize/H5_SIZEOF_OFF64_T.c:17:22: note: expanded from macro 'SIZE'
#define SIZE (sizeof(off64_t))
                     ^
/Volumes/User/hdf5/build/CMakeFiles/CheckTypeSize/H5_SIZEOF_OFF64_T.c:22:12: error: use of undeclared identifier 'off64_t'
  ('0' + ((SIZE / 10)%10)),
           ^
/Volumes/User/hdf5/build/CMakeFiles/CheckTypeSize/H5_SIZEOF_OFF64_T.c:17:22: note: expanded from macro 'SIZE'
#define SIZE (sizeof(off64_t))
                     ^
/Volumes/User/hdf5/build/CMakeFiles/CheckTypeSize/H5_SIZEOF_OFF64_T.c:23:12: error: use of undeclared identifier 'off64_t'
  ('0' +  (SIZE    % 10)),
           ^
/Volumes/User/hdf5/build/CMakeFiles/CheckTypeSize/H5_SIZEOF_OFF64_T.c:17:22: note: expanded from macro 'SIZE'
#define SIZE (sizeof(off64_t))
                     ^
5 errors generated.
make[1]: *** [CMakeFiles/cmTryCompileExec399814073.dir/H5_SIZEOF_OFF64_T.c.o] Error 1
make: *** [cmTryCompileExec399814073/fast] Error 2

/Volumes/User/hdf5/build/CMakeFiles/CheckTypeSize/H5_SIZEOF_OFF64_T.c:
#include <sys/types.h>
#include <stdint.h>
#include <stddef.h>


#undef KEY
#if defined(__i386)
# define KEY '_','_','i','3','8','6'
#elif defined(__x86_64)
# define KEY '_','_','x','8','6','_','6','4'
#elif defined(__ppc__)
# define KEY '_','_','p','p','c','_','_'
#elif defined(__ppc64__)
# define KEY '_','_','p','p','c','6','4','_','_'
#endif

#define SIZE (sizeof(off64_t))
char info_size[] =  {'I', 'N', 'F', 'O', ':', 's','i','z','e','[',
  ('0' + ((SIZE / 10000)%10)),
  ('0' + ((SIZE / 1000)%10)),
  ('0' + ((SIZE / 100)%10)),
  ('0' + ((SIZE / 10)%10)),
  ('0' +  (SIZE    % 10)),
  ']',
#ifdef KEY
  ' ','k','e','y','[', KEY, ']',
#endif
  '\0'};

#ifdef __CLASSIC_C__
int main(argc, argv) int argc; char *argv[];
#else
int main(int argc, char *argv[])
#endif
{
  int require = 0;
  require += info_size[argc];
  (void)argv;
  return require;
}


Determining if the variable CLOCK_MONOTONIC exists failed with the following output:
Change Dir: /Volumes/User/hdf5/build/CMakeFiles/CMakeTmp

Run Build Command:"/usr/bin/make" "cmTryCompileExec3976423469/fast"
/Applications/Xcode.app/Contents/Developer/usr/bin/make -f CMakeFiles/cmTryCompileExec3976423469.dir/build.make CMakeFiles/cmTryCompileExec3976423469.dir/build
/Applications/CMake.app/Contents/bin/cmake -E cmake_progress_report /Volumes/User/hdf5/build/CMakeFiles/CMakeTmp/CMakeFiles 1
Building C object CMakeFiles/cmTryCompileExec3976423469.dir/CheckVariableExists.c.o
/usr/bin/cc  -D_BSD_SOURCE -D_FILE_OFFSET_BITS=64 -D_LARGEFILE64_SOURCE -D_LARGEFILE_SOURCE -DCHECK_VARIABLE_EXISTS=CLOCK_MONOTONIC   -o CMakeFiles/cmTryCompileExec3976423469.dir/CheckVariableExists.c.o   -c /Applications/CMake.app/Contents/share/cmake-3.1/Modules/CheckVariableExists.c
Linking C executable cmTryCompileExec3976423469
/Applications/CMake.app/Contents/bin/cmake -E cmake_link_script CMakeFiles/cmTryCompileExec3976423469.dir/link.txt --verbose=1
/usr/bin/cc   -DCHECK_VARIABLE_EXISTS=CLOCK_MONOTONIC -Wl,-search_paths_first -Wl,-headerpad_max_install_names  CMakeFiles/cmTryCompileExec3976423469.dir/CheckVariableExists.c.o  -o cmTryCompileExec3976423469  -lm -ldl 
Undefined symbols for architecture x86_64:
  "_CLOCK_MONOTONIC", referenced from:
      _main in CheckVariableExists.c.o
ld: symbol(s) not found for architecture x86_64
clang: error: linker command failed with exit code 1 (use -v to see invocation)
make[1]: *** [cmTryCompileExec3976423469] Error 1
make: *** [cmTryCompileExec3976423469/fast] Error 2


Performing Other Test HAVE___TM_GMTOFF failed with the following output:
Change Dir: /Volumes/User/hdf5/build/CMakeFiles/CMakeTmp

Run Build Command:"/usr/bin/make" "cmTryCompileExec1577502365/fast"
/Applications/Xcode.app/Contents/Developer/usr/bin/make -f CMakeFiles/cmTryCompileExec1577502365.dir/build.make CMakeFiles/cmTryCompileExec1577502365.dir/build
/Applications/CMake.app/Contents/bin/cmake -E cmake_progress_report /Volumes/User/hdf5/build/CMakeFiles/CMakeTmp/CMakeFiles 1
Building C object CMakeFiles/cmTryCompileExec1577502365.dir/HDFTests.c.o
/usr/bin/cc   -DHAVE___TM_GMTOFF  -DHAVE_SYS_TIME_H -DHAVE_UNISTD_H -DHAVE_SYS_TYPES_H -DHAVE_SYS_SOCKET_H -D_FILE_OFFSET_BITS=64 -D_LARGEFILE64_SOURCE -D_LARGEFILE_SOURCE   -o CMakeFiles/cmTryCompileExec1577502365.dir/HDFTests.c.o   -c /Volumes/User/hdf5/config/cmake_ext_mod/HDFTests.c
/Volumes/User/hdf5/config/cmake_ext_mod/HDFTests.c:170:30: error: no member named '__tm_gmtoff' in 'struct tm'; did you mean 'tm_gmtoff'?
SIMPLE_TEST(struct tm tm; tm.__tm_gmtoff=0);
                             ^~~~~~~~~~~
                             tm_gmtoff
/Volumes/User/hdf5/config/cmake_ext_mod/HDFTests.c:1:36: note: expanded from macro 'SIMPLE_TEST'
#define SIMPLE_TEST(x) int main(){ x; return 0; }
                                   ^
/usr/include/time.h:83:7: note: 'tm_gmtoff' declared here
        long    tm_gmtoff;      /* offset from CUT in seconds */
                ^
1 error generated.
make[1]: *** [CMakeFiles/cmTryCompileExec1577502365.dir/HDFTests.c.o] Error 1
make: *** [cmTryCompileExec1577502365/fast] Error 2

Performing Other Test HAVE_TM_ZONE failed with the following output:
Change Dir: /Volumes/User/hdf5/build/CMakeFiles/CMakeTmp

Run Build Command:"/usr/bin/make" "cmTryCompileExec1357873049/fast"
/Applications/Xcode.app/Contents/Developer/usr/bin/make -f CMakeFiles/cmTryCompileExec1357873049.dir/build.make CMakeFiles/cmTryCompileExec1357873049.dir/build
/Applications/CMake.app/Contents/bin/cmake -E cmake_progress_report /Volumes/User/hdf5/build/CMakeFiles/CMakeTmp/CMakeFiles 1
Building C object CMakeFiles/cmTryCompileExec1357873049.dir/HDFTests.c.o
/usr/bin/cc   -DHAVE_TM_ZONE  -DHAVE_SYS_TIME_H -DHAVE_UNISTD_H -DHAVE_SYS_TYPES_H -DHAVE_SYS_SOCKET_H -D_FILE_OFFSET_BITS=64 -D_LARGEFILE64_SOURCE -D_LARGEFILE_SOURCE   -o CMakeFiles/cmTryCompileExec1357873049.dir/HDFTests.c.o   -c /Volumes/User/hdf5/config/cmake_ext_mod/HDFTests.c
Linking C executable cmTryCompileExec1357873049
/Applications/CMake.app/Contents/bin/cmake -E cmake_link_script CMakeFiles/cmTryCompileExec1357873049.dir/link.txt --verbose=1
/usr/bin/cc   -DHAVE_TM_ZONE  -DHAVE_SYS_TIME_H -DHAVE_UNISTD_H -DHAVE_SYS_TYPES_H -DHAVE_SYS_SOCKET_H -D_FILE_OFFSET_BITS=64 -D_LARGEFILE64_SOURCE -D_LARGEFILE_SOURCE -Wl,-search_paths_first -Wl,-headerpad_max_install_names  CMakeFiles/cmTryCompileExec1357873049.dir/HDFTests.c.o  -o cmTryCompileExec1357873049  -lm -ldl 
Undefined symbols for architecture x86_64:
  "_main", referenced from:
     implicit entry/start for main executable
ld: symbol(s) not found for architecture x86_64
clang: error: linker command failed with exit code 1 (use -v to see invocation)
make[1]: *** [cmTryCompileExec1357873049] Error 1
make: *** [cmTryCompileExec1357873049/fast] Error 2

Performing Other Test HAVE_STRUCT_TM_TM_ZONE failed with the following output:
Change Dir: /Volumes/User/hdf5/build/CMakeFiles/CMakeTmp

Run Build Command:"/usr/bin/make" "cmTryCompileExec4245936794/fast"
/Applications/Xcode.app/Contents/Developer/usr/bin/make -f CMakeFiles/cmTryCompileExec4245936794.dir/build.make CMakeFiles/cmTryCompileExec4245936794.dir/build
/Applications/CMake.app/Contents/bin/cmake -E cmake_progress_report /Volumes/User/hdf5/build/CMakeFiles/CMakeTmp/CMakeFiles 1
Building C object CMakeFiles/cmTryCompileExec4245936794.dir/HDFTests.c.o
/usr/bin/cc   -DHAVE_STRUCT_TM_TM_ZONE  -DHAVE_SYS_TIME_H -DHAVE_UNISTD_H -DHAVE_SYS_TYPES_H -DHAVE_SYS_SOCKET_H -D_FILE_OFFSET_BITS=64 -D_LARGEFILE64_SOURCE -D_LARGEFILE_SOURCE   -o CMakeFiles/cmTryCompileExec4245936794.dir/HDFTests.c.o   -c /Volumes/User/hdf5/config/cmake_ext_mod/HDFTests.c
Linking C executable cmTryCompileExec4245936794
/Applications/CMake.app/Contents/bin/cmake -E cmake_link_script CMakeFiles/cmTryCompileExec4245936794.dir/link.txt --verbose=1
/usr/bin/cc   -DHAVE_STRUCT_TM_TM_ZONE  -DHAVE_SYS_TIME_H -DHAVE_UNISTD_H -DHAVE_SYS_TYPES_H -DHAVE_SYS_SOCKET_H -D_FILE_OFFSET_BITS=64 -D_LARGEFILE64_SOURCE -D_LARGEFILE_SOURCE -Wl,-search_paths_first -Wl,-headerpad_max_install_names  CMakeFiles/cmTryCompileExec4245936794.dir/HDFTests.c.o  -o cmTryCompileExec4245936794  -lm -ldl 
Undefined symbols for architecture x86_64:
  "_main", referenced from:
     implicit entry/start for main executable
ld: symbol(s) not found for architecture x86_64
clang: error: linker command failed with exit code 1 (use -v to see invocation)
make[1]: *** [cmTryCompileExec4245936794] Error 1
make: *** [cmTryCompileExec4245936794/fast] Error 2

Performing Other Test HAVE_STRUCT_VIDEOCONFIG failed with the following output:
Change Dir: /Volumes/User/hdf5/build/CMakeFiles/CMakeTmp

Run Build Command:"/usr/bin/make" "cmTryCompileExec286993752/fast"
/Applications/Xcode.app/Contents/Developer/usr/bin/make -f CMakeFiles/cmTryCompileExec286993752.dir/build.make CMakeFiles/cmTryCompileExec286993752.dir/build
/Applications/CMake.app/Contents/bin/cmake -E cmake_progress_report /Volumes/User/hdf5/build/CMakeFiles/CMakeTmp/CMakeFiles 1
Building C object CMakeFiles/cmTryCompileExec286993752.dir/HDFTests.c.o
/usr/bin/cc   -DHAVE_STRUCT_VIDEOCONFIG  -DHAVE_SYS_TIME_H -DHAVE_UNISTD_H -DHAVE_SYS_TYPES_H -DHAVE_SYS_SOCKET_H -D_FILE_OFFSET_BITS=64 -D_LARGEFILE64_SOURCE -D_LARGEFILE_SOURCE   -o CMakeFiles/cmTryCompileExec286993752.dir/HDFTests.c.o   -c /Volumes/User/hdf5/config/cmake_ext_mod/HDFTests.c
/Volumes/User/hdf5/config/cmake_ext_mod/HDFTests.c:447:32: error: variable has incomplete type 'struct videoconfig'
SIMPLE_TEST(struct videoconfig w; w.numtextcols=0);
                               ^
/Volumes/User/hdf5/config/cmake_ext_mod/HDFTests.c:1:36: note: expanded from macro 'SIMPLE_TEST'
#define SIMPLE_TEST(x) int main(){ x; return 0; }
                                   ^
/Volumes/User/hdf5/config/cmake_ext_mod/HDFTests.c:447:20: note: forward declaration of 'struct videoconfig'
SIMPLE_TEST(struct videoconfig w; w.numtextcols=0);
                   ^
/Volumes/User/hdf5/config/cmake_ext_mod/HDFTests.c:1:36: note: expanded from macro 'SIMPLE_TEST'
#define SIMPLE_TEST(x) int main(){ x; return 0; }
                                   ^
1 error generated.
make[1]: *** [CMakeFiles/cmTryCompileExec286993752.dir/HDFTests.c.o] Error 1
make: *** [cmTryCompileExec286993752/fast] Error 2

Performing Other Test HAVE_STRUCT_TEXT_INFO failed with the following output:
Change Dir: /Volumes/User/hdf5/build/CMakeFiles/CMakeTmp

Run Build Command:"/usr/bin/make" "cmTryCompileExec1199712829/fast"
/Applications/Xcode.app/Contents/Developer/usr/bin/make -f CMakeFiles/cmTryCompileExec1199712829.dir/build.make CMakeFiles/cmTryCompileExec1199712829.dir/build
/Applications/CMake.app/Contents/bin/cmake -E cmake_progress_report /Volumes/User/hdf5/build/CMakeFiles/CMakeTmp/CMakeFiles 1
Building C object CMakeFiles/cmTryCompileExec1199712829.dir/HDFTests.c.o
/usr/bin/cc   -DHAVE_STRUCT_TEXT_INFO  -DHAVE_SYS_TIME_H -DHAVE_UNISTD_H -DHAVE_SYS_TYPES_H -DHAVE_SYS_SOCKET_H -D_FILE_OFFSET_BITS=64 -D_LARGEFILE64_SOURCE -D_LARGEFILE_SOURCE   -o CMakeFiles/cmTryCompileExec1199712829.dir/HDFTests.c.o   -c /Volumes/User/hdf5/config/cmake_ext_mod/HDFTests.c
/Volumes/User/hdf5/config/cmake_ext_mod/HDFTests.c:453:30: error: variable has incomplete type 'struct text_info'
SIMPLE_TEST(struct text_info w; w.screenwidth=0);
                             ^
/Volumes/User/hdf5/config/cmake_ext_mod/HDFTests.c:1:36: note: expanded from macro 'SIMPLE_TEST'
#define SIMPLE_TEST(x) int main(){ x; return 0; }
                                   ^
/Volumes/User/hdf5/config/cmake_ext_mod/HDFTests.c:453:20: note: forward declaration of 'struct text_info'
SIMPLE_TEST(struct text_info w; w.screenwidth=0);
                   ^
/Volumes/User/hdf5/config/cmake_ext_mod/HDFTests.c:1:36: note: expanded from macro 'SIMPLE_TEST'
#define SIMPLE_TEST(x) int main(){ x; return 0; }
                                   ^
1 error generated.
make[1]: *** [CMakeFiles/cmTryCompileExec1199712829.dir/HDFTests.c.o] Error 1
make: *** [cmTryCompileExec1199712829/fast] Error 2

Determining if the function _getvideoconfig exists failed with the following output:
Change Dir: /Volumes/User/hdf5/build/CMakeFiles/CMakeTmp

Run Build Command:"/usr/bin/make" "cmTryCompileExec3257002324/fast"
/Applications/Xcode.app/Contents/Developer/usr/bin/make -f CMakeFiles/cmTryCompileExec3257002324.dir/build.make CMakeFiles/cmTryCompileExec3257002324.dir/build
/Applications/CMake.app/Contents/bin/cmake -E cmake_progress_report /Volumes/User/hdf5/build/CMakeFiles/CMakeTmp/CMakeFiles 1
Building C object CMakeFiles/cmTryCompileExec3257002324.dir/CheckFunctionExists.c.o
/usr/bin/cc  -D_BSD_SOURCE -D_FILE_OFFSET_BITS=64 -D_LARGEFILE64_SOURCE -D_LARGEFILE_SOURCE -DCHECK_FUNCTION_EXISTS=_getvideoconfig   -o CMakeFiles/cmTryCompileExec3257002324.dir/CheckFunctionExists.c.o   -c /Applications/CMake.app/Contents/share/cmake-3.1/Modules/CheckFunctionExists.c
Linking C executable cmTryCompileExec3257002324
/Applications/CMake.app/Contents/bin/cmake -E cmake_link_script CMakeFiles/cmTryCompileExec3257002324.dir/link.txt --verbose=1
/usr/bin/cc   -DCHECK_FUNCTION_EXISTS=_getvideoconfig -Wl,-search_paths_first -Wl,-headerpad_max_install_names  CMakeFiles/cmTryCompileExec3257002324.dir/CheckFunctionExists.c.o  -o cmTryCompileExec3257002324  -lm -ldl 
Undefined symbols for architecture x86_64:
  "__getvideoconfig", referenced from:
      _main in CheckFunctionExists.c.o
ld: symbol(s) not found for architecture x86_64
clang: error: linker command failed with exit code 1 (use -v to see invocation)
make[1]: *** [cmTryCompileExec3257002324] Error 1
make: *** [cmTryCompileExec3257002324/fast] Error 2


Determining if the function gettextinfo exists failed with the following output:
Change Dir: /Volumes/User/hdf5/build/CMakeFiles/CMakeTmp

Run Build Command:"/usr/bin/make" "cmTryCompileExec3078578269/fast"
/Applications/Xcode.app/Contents/Developer/usr/bin/make -f CMakeFiles/cmTryCompileExec3078578269.dir/build.make CMakeFiles/cmTryCompileExec3078578269.dir/build
/Applications/CMake.app/Contents/bin/cmake -E cmake_progress_report /Volumes/User/hdf5/build/CMakeFiles/CMakeTmp/CMakeFiles 1
Building C object CMakeFiles/cmTryCompileExec3078578269.dir/CheckFunctionExists.c.o
/usr/bin/cc  -D_BSD_SOURCE -D_FILE_OFFSET_BITS=64 -D_LARGEFILE64_SOURCE -D_LARGEFILE_SOURCE -DCHECK_FUNCTION_EXISTS=gettextinfo   -o CMakeFiles/cmTryCompileExec3078578269.dir/CheckFunctionExists.c.o   -c /Applications/CMake.app/Contents/share/cmake-3.1/Modules/CheckFunctionExists.c
Linking C executable cmTryCompileExec3078578269
/Applications/CMake.app/Contents/bin/cmake -E cmake_link_script CMakeFiles/cmTryCompileExec3078578269.dir/link.txt --verbose=1
/usr/bin/cc   -DCHECK_FUNCTION_EXISTS=gettextinfo -Wl,-search_paths_first -Wl,-headerpad_max_install_names  CMakeFiles/cmTryCompileExec3078578269.dir/CheckFunctionExists.c.o  -o cmTryCompileExec3078578269  -lm -ldl 
Undefined symbols for architecture x86_64:
  "_gettextinfo", referenced from:
      _main in CheckFunctionExists.c.o
ld: symbol(s) not found for architecture x86_64
clang: error: linker command failed with exit code 1 (use -v to see invocation)
make[1]: *** [cmTryCompileExec3078578269] Error 1
make: *** [cmTryCompileExec3078578269/fast] Error 2


Determining if the function _scrsize exists failed with the following output:
Change Dir: /Volumes/User/hdf5/build/CMakeFiles/CMakeTmp

Run Build Command:"/usr/bin/make" "cmTryCompileExec2943213024/fast"
/Applications/Xcode.app/Contents/Developer/usr/bin/make -f CMakeFiles/cmTryCompileExec2943213024.dir/build.make CMakeFiles/cmTryCompileExec2943213024.dir/build
/Applications/CMake.app/Contents/bin/cmake -E cmake_progress_report /Volumes/User/hdf5/build/CMakeFiles/CMakeTmp/CMakeFiles 1
Building C object CMakeFiles/cmTryCompileExec2943213024.dir/CheckFunctionExists.c.o
/usr/bin/cc  -D_BSD_SOURCE -D_FILE_OFFSET_BITS=64 -D_LARGEFILE64_SOURCE -D_LARGEFILE_SOURCE -DCHECK_FUNCTION_EXISTS=_scrsize   -o CMakeFiles/cmTryCompileExec2943213024.dir/CheckFunctionExists.c.o   -c /Applications/CMake.app/Contents/share/cmake-3.1/Modules/CheckFunctionExists.c
Linking C executable cmTryCompileExec2943213024
/Applications/CMake.app/Contents/bin/cmake -E cmake_link_script CMakeFiles/cmTryCompileExec2943213024.dir/link.txt --verbose=1
/usr/bin/cc   -DCHECK_FUNCTION_EXISTS=_scrsize -Wl,-search_paths_first -Wl,-headerpad_max_install_names  CMakeFiles/cmTryCompileExec2943213024.dir/CheckFunctionExists.c.o  -o cmTryCompileExec2943213024  -lm -ldl 
Undefined symbols for architecture x86_64:
  "__scrsize", referenced from:
      _main in CheckFunctionExists.c.o
ld: symbol(s) not found for architecture x86_64
clang: error: linker command failed with exit code 1 (use -v to see invocation)
make[1]: *** [cmTryCompileExec2943213024] Error 1
make: *** [cmTryCompileExec2943213024/fast] Error 2


Determining if the function GetConsoleScreenBufferInfo exists failed with the following output:
Change Dir: /Volumes/User/hdf5/build/CMakeFiles/CMakeTmp

Run Build Command:"/usr/bin/make" "cmTryCompileExec3102954957/fast"
/Applications/Xcode.app/Contents/Developer/usr/bin/make -f CMakeFiles/cmTryCompileExec3102954957.dir/build.make CMakeFiles/cmTryCompileExec3102954957.dir/build
/Applications/CMake.app/Contents/bin/cmake -E cmake_progress_report /Volumes/User/hdf5/build/CMakeFiles/CMakeTmp/CMakeFiles 1
Building C object CMakeFiles/cmTryCompileExec3102954957.dir/CheckFunctionExists.c.o
/usr/bin/cc  -D_BSD_SOURCE -D_FILE_OFFSET_BITS=64 -D_LARGEFILE64_SOURCE -D_LARGEFILE_SOURCE -DCHECK_FUNCTION_EXISTS=GetConsoleScreenBufferInfo   -o CMakeFiles/cmTryCompileExec3102954957.dir/CheckFunctionExists.c.o   -c /Applications/CMake.app/Contents/share/cmake-3.1/Modules/CheckFunctionExists.c
Linking C executable cmTryCompileExec3102954957
/Applications/CMake.app/Contents/bin/cmake -E cmake_link_script CMakeFiles/cmTryCompileExec3102954957.dir/link.txt --verbose=1
/usr/bin/cc   -DCHECK_FUNCTION_EXISTS=GetConsoleScreenBufferInfo -Wl,-search_paths_first -Wl,-headerpad_max_install_names  CMakeFiles/cmTryCompileExec3102954957.dir/CheckFunctionExists.c.o  -o cmTryCompileExec3102954957  -lm -ldl 
Undefined symbols for architecture x86_64:
  "_GetConsoleScreenBufferInfo", referenced from:
      _main in CheckFunctionExists.c.o
ld: symbol(s) not found for architecture x86_64
clang: error: linker command failed with exit code 1 (use -v to see invocation)
make[1]: *** [cmTryCompileExec3102954957] Error 1
make: *** [cmTryCompileExec3102954957/fast] Error 2


Determining if the function setsysinfo exists failed with the following output:
Change Dir: /Volumes/User/hdf5/build/CMakeFiles/CMakeTmp

Run Build Command:"/usr/bin/make" "cmTryCompileExec1453329104/fast"
/Applications/Xcode.app/Contents/Developer/usr/bin/make -f CMakeFiles/cmTryCompileExec1453329104.dir/build.make CMakeFiles/cmTryCompileExec1453329104.dir/build
/Applications/CMake.app/Contents/bin/cmake -E cmake_progress_report /Volumes/User/hdf5/build/CMakeFiles/CMakeTmp/CMakeFiles 1
Building C object CMakeFiles/cmTryCompileExec1453329104.dir/CheckFunctionExists.c.o
/usr/bin/cc  -D_BSD_SOURCE -D_FILE_OFFSET_BITS=64 -D_LARGEFILE64_SOURCE -D_LARGEFILE_SOURCE -DCHECK_FUNCTION_EXISTS=setsysinfo   -o CMakeFiles/cmTryCompileExec1453329104.dir/CheckFunctionExists.c.o   -c /Applications/CMake.app/Contents/share/cmake-3.1/Modules/CheckFunctionExists.c
Linking C executable cmTryCompileExec1453329104
/Applications/CMake.app/Contents/bin/cmake -E cmake_link_script CMakeFiles/cmTryCompileExec1453329104.dir/link.txt --verbose=1
/usr/bin/cc   -DCHECK_FUNCTION_EXISTS=setsysinfo -Wl,-search_paths_first -Wl,-headerpad_max_install_names  CMakeFiles/cmTryCompileExec1453329104.dir/CheckFunctionExists.c.o  -o cmTryCompileExec1453329104  -lm -ldl 
Undefined symbols for architecture x86_64:
  "_setsysinfo", referenced from:
      _main in CheckFunctionExists.c.o
ld: symbol(s) not found for architecture x86_64
clang: error: linker command failed with exit code 1 (use -v to see invocation)
make[1]: *** [cmTryCompileExec1453329104] Error 1
make: *** [cmTryCompileExec1453329104/fast] Error 2


Performing CXX Test OLD_HEADER_FILENAME failed with the following output:
Change Dir: /Volumes/User/hdf5/build/CMakeFiles/CMakeTmp

Run Build Command:"/usr/bin/make" "cmTryCompileExec3342375087/fast"
/Applications/Xcode.app/Contents/Developer/usr/bin/make -f CMakeFiles/cmTryCompileExec3342375087.dir/build.make CMakeFiles/cmTryCompileExec3342375087.dir/build
/Applications/CMake.app/Contents/bin/cmake -E cmake_progress_report /Volumes/User/hdf5/build/CMakeFiles/CMakeTmp/CMakeFiles 1
Building CXX object CMakeFiles/cmTryCompileExec3342375087.dir/HDFCXXTests.cpp.o
/usr/bin/c++    -DOLD_HEADER_FILENAME  -DHAVE_SYS_TIME_H -DHAVE_UNISTD_H -DHAVE_SYS_TYPES_H -DHAVE_SYS_SOCKET_H -D_FILE_OFFSET_BITS=64 -D_LARGEFILE64_SOURCE -D_LARGEFILE_SOURCE   -o CMakeFiles/cmTryCompileExec3342375087.dir/HDFCXXTests.cpp.o -c /Volumes/User/hdf5/config/cmake_ext_mod/HDFCXXTests.cpp
Linking CXX executable cmTryCompileExec3342375087
/Applications/CMake.app/Contents/bin/cmake -E cmake_link_script CMakeFiles/cmTryCompileExec3342375087.dir/link.txt --verbose=1
/usr/bin/c++    -DOLD_HEADER_FILENAME  -DHAVE_SYS_TIME_H -DHAVE_UNISTD_H -DHAVE_SYS_TYPES_H -DHAVE_SYS_SOCKET_H -D_FILE_OFFSET_BITS=64 -D_LARGEFILE64_SOURCE -D_LARGEFILE_SOURCE -Wl,-search_paths_first -Wl,-headerpad_max_install_names  CMakeFiles/cmTryCompileExec3342375087.dir/HDFCXXTests.cpp.o  -o cmTryCompileExec3342375087  -lm -ldl 

Performing CXX Test H5_NO_NAMESPACE failed with the following output:
Change Dir: /Volumes/User/hdf5/build/CMakeFiles/CMakeTmp

Run Build Command:"/usr/bin/make" "cmTryCompileExec4249328677/fast"
/Applications/Xcode.app/Contents/Developer/usr/bin/make -f CMakeFiles/cmTryCompileExec4249328677.dir/build.make CMakeFiles/cmTryCompileExec4249328677.dir/build
/Applications/CMake.app/Contents/bin/cmake -E cmake_progress_report /Volumes/User/hdf5/build/CMakeFiles/CMakeTmp/CMakeFiles 1
Building CXX object CMakeFiles/cmTryCompileExec4249328677.dir/HDFCXXTests.cpp.o
/usr/bin/c++    -DH5_NO_NAMESPACE  -DHAVE_SYS_TIME_H -DHAVE_UNISTD_H -DHAVE_SYS_TYPES_H -DHAVE_SYS_SOCKET_H -D_FILE_OFFSET_BITS=64 -D_LARGEFILE64_SOURCE -D_LARGEFILE_SOURCE   -o CMakeFiles/cmTryCompileExec4249328677.dir/HDFCXXTests.cpp.o -c /Volumes/User/hdf5/config/cmake_ext_mod/HDFCXXTests.cpp
Linking CXX executable cmTryCompileExec4249328677
/Applications/CMake.app/Contents/bin/cmake -E cmake_link_script CMakeFiles/cmTryCompileExec4249328677.dir/link.txt --verbose=1
/usr/bin/c++    -DH5_NO_NAMESPACE  -DHAVE_SYS_TIME_H -DHAVE_UNISTD_H -DHAVE_SYS_TYPES_H -DHAVE_SYS_SOCKET_H -D_FILE_OFFSET_BITS=64 -D_LARGEFILE64_SOURCE -D_LARGEFILE_SOURCE -Wl,-search_paths_first -Wl,-headerpad_max_install_names  CMakeFiles/cmTryCompileExec4249328677.dir/HDFCXXTests.cpp.o  -o cmTryCompileExec4249328677  -lm -ldl 
Undefined symbols for architecture x86_64:
  "_main", referenced from:
     implicit entry/start for main executable
ld: symbol(s) not found for architecture x86_64
clang: error: linker command failed with exit code 1 (use -v to see invocation)
make[1]: *** [cmTryCompileExec4249328677] Error 1
make: *** [cmTryCompileExec4249328677/fast] Error 2

Performing CXX Test H5_NO_STD failed with the following output:
Change Dir: /Volumes/User/hdf5/build/CMakeFiles/CMakeTmp

Run Build Command:"/usr/bin/make" "cmTryCompileExec1410581758/fast"
/Applications/Xcode.app/Contents/Developer/usr/bin/make -f CMakeFiles/cmTryCompileExec1410581758.dir/build.make CMakeFiles/cmTryCompileExec1410581758.dir/build
/Applications/CMake.app/Contents/bin/cmake -E cmake_progress_report /Volumes/User/hdf5/build/CMakeFiles/CMakeTmp/CMakeFiles 1
Building CXX object CMakeFiles/cmTryCompileExec1410581758.dir/HDFCXXTests.cpp.o
/usr/bin/c++    -DH5_NO_STD  -DHAVE_SYS_TIME_H -DHAVE_UNISTD_H -DHAVE_SYS_TYPES_H -DHAVE_SYS_SOCKET_H -D_FILE_OFFSET_BITS=64 -D_LARGEFILE64_SOURCE -D_LARGEFILE_SOURCE   -o CMakeFiles/cmTryCompileExec1410581758.dir/HDFCXXTests.cpp.o -c /Volumes/User/hdf5/config/cmake_ext_mod/HDFCXXTests.cpp
Linking CXX executable cmTryCompileExec1410581758
/Applications/CMake.app/Contents/bin/cmake -E cmake_link_script CMakeFiles/cmTryCompileExec1410581758.dir/link.txt --verbose=1
/usr/bin/c++    -DH5_NO_STD  -DHAVE_SYS_TIME_H -DHAVE_UNISTD_H -DHAVE_SYS_TYPES_H -DHAVE_SYS_SOCKET_H -D_FILE_OFFSET_BITS=64 -D_LARGEFILE64_SOURCE -D_LARGEFILE_SOURCE -Wl,-search_paths_first -Wl,-headerpad_max_install_names  CMakeFiles/cmTryCompileExec1410581758.dir/HDFCXXTests.cpp.o  -o cmTryCompileExec1410581758  -lm -ldl 
Undefined symbols for architecture x86_64:
  "_main", referenced from:
     implicit entry/start for main executable
ld: symbol(s) not found for architecture x86_64
clang: error: linker command failed with exit code 1 (use -v to see invocation)
make[1]: *** [cmTryCompileExec1410581758] Error 1
make: *** [cmTryCompileExec1410581758/fast] Error 2

Performing CXX Test BOOL_NOTDEFINED failed with the following output:
Change Dir: /Volumes/User/hdf5/build/CMakeFiles/CMakeTmp

Run Build Command:"/usr/bin/make" "cmTryCompileExec749991765/fast"
/Applications/Xcode.app/Contents/Developer/usr/bin/make -f CMakeFiles/cmTryCompileExec749991765.dir/build.make CMakeFiles/cmTryCompileExec749991765.dir/build
/Applications/CMake.app/Contents/bin/cmake -E cmake_progress_report /Volumes/User/hdf5/build/CMakeFiles/CMakeTmp/CMakeFiles 1
Building CXX object CMakeFiles/cmTryCompileExec749991765.dir/HDFCXXTests.cpp.o
/usr/bin/c++    -DBOOL_NOTDEFINED  -DHAVE_SYS_TIME_H -DHAVE_UNISTD_H -DHAVE_SYS_TYPES_H -DHAVE_SYS_SOCKET_H -D_FILE_OFFSET_BITS=64 -D_LARGEFILE64_SOURCE -D_LARGEFILE_SOURCE   -o CMakeFiles/cmTryCompileExec749991765.dir/HDFCXXTests.cpp.o -c /Volumes/User/hdf5/config/cmake_ext_mod/HDFCXXTests.cpp
Linking CXX executable cmTryCompileExec749991765
/Applications/CMake.app/Contents/bin/cmake -E cmake_link_script CMakeFiles/cmTryCompileExec749991765.dir/link.txt --verbose=1
/usr/bin/c++    -DBOOL_NOTDEFINED  -DHAVE_SYS_TIME_H -DHAVE_UNISTD_H -DHAVE_SYS_TYPES_H -DHAVE_SYS_SOCKET_H -D_FILE_OFFSET_BITS=64 -D_LARGEFILE64_SOURCE -D_LARGEFILE_SOURCE -Wl,-search_paths_first -Wl,-headerpad_max_install_names  CMakeFiles/cmTryCompileExec749991765.dir/HDFCXXTests.cpp.o  -o cmTryCompileExec749991765  -lm -ldl 

Performing CXX Test NO_STATIC_CAST failed with the following output:
Change Dir: /Volumes/User/hdf5/build/CMakeFiles/CMakeTmp

Run Build Command:"/usr/bin/make" "cmTryCompileExec1316489658/fast"
/Applications/Xcode.app/Contents/Developer/usr/bin/make -f CMakeFiles/cmTryCompileExec1316489658.dir/build.make CMakeFiles/cmTryCompileExec1316489658.dir/build
/Applications/CMake.app/Contents/bin/cmake -E cmake_progress_report /Volumes/User/hdf5/build/CMakeFiles/CMakeTmp/CMakeFiles 1
Building CXX object CMakeFiles/cmTryCompileExec1316489658.dir/HDFCXXTests.cpp.o
/usr/bin/c++    -DNO_STATIC_CAST  -DHAVE_SYS_TIME_H -DHAVE_UNISTD_H -DHAVE_SYS_TYPES_H -DHAVE_SYS_SOCKET_H -D_FILE_OFFSET_BITS=64 -D_LARGEFILE64_SOURCE -D_LARGEFILE_SOURCE   -o CMakeFiles/cmTryCompileExec1316489658.dir/HDFCXXTests.cpp.o -c /Volumes/User/hdf5/config/cmake_ext_mod/HDFCXXTests.cpp
Linking CXX executable cmTryCompileExec1316489658
/Applications/CMake.app/Contents/bin/cmake -E cmake_link_script CMakeFiles/cmTryCompileExec1316489658.dir/link.txt --verbose=1
/usr/bin/c++    -DNO_STATIC_CAST  -DHAVE_SYS_TIME_H -DHAVE_UNISTD_H -DHAVE_SYS_TYPES_H -DHAVE_SYS_SOCKET_H -D_FILE_OFFSET_BITS=64 -D_LARGEFILE64_SOURCE -D_LARGEFILE_SOURCE -Wl,-search_paths_first -Wl,-headerpad_max_install_names  CMakeFiles/cmTryCompileExec1316489658.dir/HDFCXXTests.cpp.o  -o cmTryCompileExec1316489658  -lm -ldl 

Determining if the function clock_gettime exists failed with the following output:
Change Dir: /Volumes/User/hdf5/build/CMakeFiles/CMakeTmp

Run Build Command:"/usr/bin/make" "cmTryCompileExec1944607128/fast"
/Applications/Xcode.app/Contents/Developer/usr/bin/make -f CMakeFiles/cmTryCompileExec1944607128.dir/build.make CMakeFiles/cmTryCompileExec1944607128.dir/build
/Applications/CMake.app/Contents/bin/cmake -E cmake_progress_report /Volumes/User/hdf5/build/CMakeFiles/CMakeTmp/CMakeFiles 1
Building C object CMakeFiles/cmTryCompileExec1944607128.dir/CheckFunctionExists.c.o
/usr/bin/cc  -D_BSD_SOURCE -D_FILE_OFFSET_BITS=64 -D_LARGEFILE64_SOURCE -D_LARGEFILE_SOURCE -DCHECK_FUNCTION_EXISTS=clock_gettime   -o CMakeFiles/cmTryCompileExec1944607128.dir/CheckFunctionExists.c.o   -c /Applications/CMake.app/Contents/share/cmake-3.1/Modules/CheckFunctionExists.c
Linking C executable cmTryCompileExec1944607128
/Applications/CMake.app/Contents/bin/cmake -E cmake_link_script CMakeFiles/cmTryCompileExec1944607128.dir/link.txt --verbose=1
/usr/bin/cc   -DCHECK_FUNCTION_EXISTS=clock_gettime -Wl,-search_paths_first -Wl,-headerpad_max_install_names  CMakeFiles/cmTryCompileExec1944607128.dir/CheckFunctionExists.c.o  -o cmTryCompileExec1944607128  -lm -ldl 
Undefined symbols for architecture x86_64:
  "_clock_gettime", referenced from:
      _main in CheckFunctionExists.c.o
ld: symbol(s) not found for architecture x86_64
clang: error: linker command failed with exit code 1 (use -v to see invocation)
make[1]: *** [cmTryCompileExec1944607128] Error 1
make: *** [cmTryCompileExec1944607128/fast] Error 2


Determining if the function clock_gettime exists in the rt failed with the following output:
Change Dir: /Volumes/User/hdf5/build/CMakeFiles/CMakeTmp

Run Build Command:"/usr/bin/make" "cmTryCompileExec1424801584/fast"
/Applications/Xcode.app/Contents/Developer/usr/bin/make -f CMakeFiles/cmTryCompileExec1424801584.dir/build.make CMakeFiles/cmTryCompileExec1424801584.dir/build
/Applications/CMake.app/Contents/bin/cmake -E cmake_progress_report /Volumes/User/hdf5/build/CMakeFiles/CMakeTmp/CMakeFiles 1
Building C object CMakeFiles/cmTryCompileExec1424801584.dir/CheckFunctionExists.c.o
/usr/bin/cc  -D_BSD_SOURCE -D_FILE_OFFSET_BITS=64 -D_LARGEFILE64_SOURCE -D_LARGEFILE_SOURCE -DCHECK_FUNCTION_EXISTS=clock_gettime   -o CMakeFiles/cmTryCompileExec1424801584.dir/CheckFunctionExists.c.o   -c /Applications/CMake.app/Contents/share/cmake-3.1/Modules/CheckFunctionExists.c
Linking C executable cmTryCompileExec1424801584
/Applications/CMake.app/Contents/bin/cmake -E cmake_link_script CMakeFiles/cmTryCompileExec1424801584.dir/link.txt --verbose=1
/usr/bin/cc   -DCHECK_FUNCTION_EXISTS=clock_gettime -Wl,-search_paths_first -Wl,-headerpad_max_install_names  CMakeFiles/cmTryCompileExec1424801584.dir/CheckFunctionExists.c.o  -o cmTryCompileExec1424801584  -lrt -lm -ldl 
ld: library not found for -lrt
clang: error: linker command failed with exit code 1 (use -v to see invocation)
make[1]: *** [cmTryCompileExec1424801584] Error 1
make: *** [cmTryCompileExec1424801584/fast] Error 2


Determining if the function clock_gettime exists in the posix4 failed with the following output:
Change Dir: /Volumes/User/hdf5/build/CMakeFiles/CMakeTmp

Run Build Command:"/usr/bin/make" "cmTryCompileExec1475803342/fast"
/Applications/Xcode.app/Contents/Developer/usr/bin/make -f CMakeFiles/cmTryCompileExec1475803342.dir/build.make CMakeFiles/cmTryCompileExec1475803342.dir/build
/Applications/CMake.app/Contents/bin/cmake -E cmake_progress_report /Volumes/User/hdf5/build/CMakeFiles/CMakeTmp/CMakeFiles 1
Building C object CMakeFiles/cmTryCompileExec1475803342.dir/CheckFunctionExists.c.o
/usr/bin/cc  -D_BSD_SOURCE -D_FILE_OFFSET_BITS=64 -D_LARGEFILE64_SOURCE -D_LARGEFILE_SOURCE -DCHECK_FUNCTION_EXISTS=clock_gettime   -o CMakeFiles/cmTryCompileExec1475803342.dir/CheckFunctionExists.c.o   -c /Applications/CMake.app/Contents/share/cmake-3.1/Modules/CheckFunctionExists.c
Linking C executable cmTryCompileExec1475803342
/Applications/CMake.app/Contents/bin/cmake -E cmake_link_script CMakeFiles/cmTryCompileExec1475803342.dir/link.txt --verbose=1
/usr/bin/cc   -DCHECK_FUNCTION_EXISTS=clock_gettime -Wl,-search_paths_first -Wl,-headerpad_max_install_names  CMakeFiles/cmTryCompileExec1475803342.dir/CheckFunctionExists.c.o  -o cmTryCompileExec1475803342  -lposix4 -lm -ldl 
ld: library not found for -lposix4
clang: error: linker command failed with exit code 1 (use -v to see invocation)
make[1]: *** [cmTryCompileExec1475803342] Error 1
make: *** [cmTryCompileExec1475803342/fast] Error 2


Test TEST_DIRECT_VFD_WORKS Compile failed with the following output:
 Change Dir: /Volumes/User/hdf5/build/CMakeFiles/CMakeTmp

Run Build Command:"/usr/bin/make" "cmTryCompileExec2942401001/fast"
/Applications/Xcode.app/Contents/Developer/usr/bin/make -f CMakeFiles/cmTryCompileExec2942401001.dir/build.make CMakeFiles/cmTryCompileExec2942401001.dir/build
/Applications/CMake.app/Contents/bin/cmake -E cmake_progress_report /Volumes/User/hdf5/build/CMakeFiles/CMakeTmp/CMakeFiles 1
Building C object CMakeFiles/cmTryCompileExec2942401001.dir/HDFTests.c.o
/usr/bin/cc   -DTEST_DIRECT_VFD_WORKS -D_GNU_SOURCE   -o CMakeFiles/cmTryCompileExec2942401001.dir/HDFTests.c.o   -c /Volumes/User/hdf5/config/cmake_ext_mod/HDFTests.c
/Volumes/User/hdf5/config/cmake_ext_mod/HDFTests.c:314:49: error: use of undeclared identifier 'O_DIRECT'
   if((fid=open("tst_file", O_CREAT | O_TRUNC | O_DIRECT, 0755))<0)
                                                ^
/Volumes/User/hdf5/config/cmake_ext_mod/HDFTests.c:316:4: warning: implicit declaration of function 'close' is invalid in C99 [-Wimplicit-function-declaration]
   close(fid);
   ^
/Volumes/User/hdf5/config/cmake_ext_mod/HDFTests.c:317:4: warning: implicit declaration of function 'remove' is invalid in C99 [-Wimplicit-function-declaration]
   remove("tst_file");
   ^
2 warnings and 1 error generated.
make[1]: *** [CMakeFiles/cmTryCompileExec2942401001.dir/HDFTests.c.o] Error 1
make: *** [cmTryCompileExec2942401001/fast] Error 2

Test H5_LDOUBLE_TO_LONG_SPECIAL Run failed with the following output and exit code:
 Change Dir: /Volumes/User/hdf5/build/CMakeFiles/CMakeTmp

Run Build Command:"/usr/bin/make" "cmTryCompileExec1253299520/fast"
/Applications/Xcode.app/Contents/Developer/usr/bin/make -f CMakeFiles/cmTryCompileExec1253299520.dir/build.make CMakeFiles/cmTryCompileExec1253299520.dir/build
/Applications/CMake.app/Contents/bin/cmake -E cmake_progress_report /Volumes/User/hdf5/build/CMakeFiles/CMakeTmp/CMakeFiles 1
Building C object CMakeFiles/cmTryCompileExec1253299520.dir/ConversionTests.c.o
/usr/bin/cc   -DH5_LDOUBLE_TO_LONG_SPECIAL_TEST   -o CMakeFiles/cmTryCompileExec1253299520.dir/ConversionTests.c.o   -c /Volumes/User/hdf5/config/cmake/ConversionTests.c
/Volumes/User/hdf5/config/cmake/ConversionTests.c:32:2: warning: implicitly declaring library function 'memcpy' with type 'void *(void *, const void *, unsigned long)'
        memcpy(s, &ld, 16);
        ^
/Volumes/User/hdf5/config/cmake/ConversionTests.c:32:2: note: include the header <string.h> or explicitly provide a declaration for 'memcpy'
/Volumes/User/hdf5/config/cmake/ConversionTests.c:69:5: warning: implicitly declaring library function 'exit' with type 'void (int) __attribute__((noreturn))'
    exit(ret);
    ^
/Volumes/User/hdf5/config/cmake/ConversionTests.c:69:5: note: include the header <stdlib.h> or explicitly provide a declaration for 'exit'
2 warnings generated.
Linking C executable cmTryCompileExec1253299520
/Applications/CMake.app/Contents/bin/cmake -E cmake_link_script CMakeFiles/cmTryCompileExec1253299520.dir/link.txt --verbose=1
/usr/bin/cc   -DH5_LDOUBLE_TO_LONG_SPECIAL_TEST -Wl,-search_paths_first -Wl,-headerpad_max_install_names  CMakeFiles/cmTryCompileExec1253299520.dir/ConversionTests.c.o  -o cmTryCompileExec1253299520  

Test H5_LONG_TO_LDOUBLE_SPECIAL Run failed with the following output and exit code:
 Change Dir: /Volumes/User/hdf5/build/CMakeFiles/CMakeTmp

Run Build Command:"/usr/bin/make" "cmTryCompileExec465542175/fast"
/Applications/Xcode.app/Contents/Developer/usr/bin/make -f CMakeFiles/cmTryCompileExec465542175.dir/build.make CMakeFiles/cmTryCompileExec465542175.dir/build
/Applications/CMake.app/Contents/bin/cmake -E cmake_progress_report /Volumes/User/hdf5/build/CMakeFiles/CMakeTmp/CMakeFiles 1
Building C object CMakeFiles/cmTryCompileExec465542175.dir/ConversionTests.c.o
/usr/bin/cc   -DH5_LONG_TO_LDOUBLE_SPECIAL_TEST   -o CMakeFiles/cmTryCompileExec465542175.dir/ConversionTests.c.o   -c /Volumes/User/hdf5/config/cmake/ConversionTests.c
/Volumes/User/hdf5/config/cmake/ConversionTests.c:88:2: warning: implicitly declaring library function 'memcpy' with type 'void *(void *, const void *, unsigned long)'
        memcpy(s, &ld, 16);
        ^
/Volumes/User/hdf5/config/cmake/ConversionTests.c:88:2: note: include the header <string.h> or explicitly provide a declaration for 'memcpy'
/Volumes/User/hdf5/config/cmake/ConversionTests.c:129:5: warning: implicitly declaring library function 'exit' with type 'void (int) __attribute__((noreturn))'
    exit(ret);
    ^
/Volumes/User/hdf5/config/cmake/ConversionTests.c:129:5: note: include the header <stdlib.h> or explicitly provide a declaration for 'exit'
2 warnings generated.
Linking C executable cmTryCompileExec465542175
/Applications/CMake.app/Contents/bin/cmake -E cmake_link_script CMakeFiles/cmTryCompileExec465542175.dir/link.txt --verbose=1
/usr/bin/cc   -DH5_LONG_TO_LDOUBLE_SPECIAL_TEST -Wl,-search_paths_first -Wl,-headerpad_max_install_names  CMakeFiles/cmTryCompileExec465542175.dir/ConversionTests.c.o  -o cmTryCompileExec465542175  

